<?xml version="1.0" encoding="UTF-8"?>
<!-- Generated by org.testng.reporters.JUnitReportReporter -->
<testsuite hostname="DESKTOP-J238NH2" failures="0" tests="1" name="practice.Popups" time="17.741" errors="0" timestamp="2023-11-02T19:33:51 IST" skipped="0">
  <testcase classname="practice.Popups" name="firstPopup" time="17.741"/>
  <system-out/>
</testsuite> <!-- practice.Popups -->
