<?xml version="1.0" encoding="UTF-8"?>
<!-- Generated by org.testng.reporters.JUnitReportReporter -->
<testsuite hostname="DESKTOP-J238NH2" failures="0" tests="1" name="practice.Slider" time="22.191" errors="0" timestamp="2023-11-02T20:00:19 IST" skipped="0">
  <testcase classname="practice.Slider" name="mySlider" time="22.191"/>
  <system-out/>
</testsuite> <!-- practice.Slider -->
