<?xml version="1.0" encoding="UTF-8"?>
<!-- Generated by org.testng.reporters.JUnitReportReporter -->
<testsuite hostname="DESKTOP-J238NH2" failures="0" tests="1" name="practice.MouseHover" time="17.270" errors="0" timestamp="2023-11-03T16:04:55 IST" skipped="0">
  <testcase classname="practice.MouseHover" name="myMouseHover" time="17.270"/>
  <system-out/>
</testsuite> <!-- practice.MouseHover -->
